     1                                  bits 32
     2                                  global start
     3                                  
     4                                  extern exit, fopen, fclose, fread, fprintf, scanf
     5                                  import exit msvcrt.dll
     6                                  import fopen msvcrt.dll
     7                                  import fclose msvcrt.dll
     8                                  import fread msvcrt.dll
     9                                  import fprintf msvcrt.dll
    10                                  import scanf msvcrt.dll
    11                                  
    12                                  
    13                                  segment data use32 class = data
    14 00000000 0000<rept>                  r_file_name times 100 db 0, 0
    15 000000C8 7200                        r_file_mode db "r", 0
    16 000000CA FFFFFFFF                    r_file_descr dd -1
    17                                      
    18 000000CE 6F75747075742E7478-         w_file_name db "output.txt", 0
    18 000000D7 7400               
    19 000000D9 7700                        w_file_mode db "w", 0
    20 000000DB FFFFFFFF                    w_file_descr dd -1
    21 000000DF 256300                      w_file_w_format_chr db "%c", 0
    22 000000E2 256400                      w_file_w_format_dec db "%d", 0
    23                                      
    24 000000E5 257300                      r_mode db "%s", 0
    25                                      
    26                                      len equ 100
    27 000000E8 00<rept>                    text times len db 0
    28                                      
    29                                  
    30                                  segment code use32 class = code
    31                                      start:
    32 00000000 68[00000000]                    push dword r_file_name
    33 00000005 68[E5000000]                    push dword r_mode
    34 0000000A FF15[00000000]                  call [scanf]
    35 00000010 83C408                          add esp, 4 * 2
    36                                          
    37 00000013 68[C8000000]                    push dword r_file_mode
    38 00000018 68[00000000]                    push dword r_file_name
    39 0000001D FF15[00000000]                  call [fopen]
    40 00000023 83C408                          add esp, 4 * 2
    41                                          
    42 00000026 A3[CA000000]                    mov [r_file_descr], eax
    43 0000002B 83F800                          cmp eax, 0
    44 0000002E 0F8492000000                    je final
    45                                          
    46 00000034 68[D9000000]                    push dword w_file_mode
    47 00000039 68[CE000000]                    push dword w_file_name
    48 0000003E FF15[00000000]                  call [fopen]
    49 00000044 83C408                          add esp, 4 * 2
    50                                          
    51 00000047 A3[DB000000]                    mov [w_file_descr], eax
    52 0000004C 83F800                          cmp eax, 0
    53 0000004F 7475                            je final
    54                                          
    55 00000051 FF35[CA000000]                  push dword [r_file_descr]
    56 00000057 6A64                            push dword len
    57 00000059 6A01                            push dword 1
    58 0000005B 68[E8000000]                    push dword text
    59 00000060 FF15[00000000]                  call [fread]
    60 00000066 83C410                          add esp, 4 * 4
    61                                          
    62 00000069 BE[E8000000]                    mov esi, text
    63                                          
    64                                          rep_1:
    65 0000006E B800000000                          mov eax, 0
    66 00000073 AC                                  lodsb
    67 00000074 3C00                                cmp al, 0
    68 00000076 7430                                je exit_rep_1
    69                                              
    70 00000078 3C61                                cmp al, 'a'
    71 0000007A 7215                                jb skipper
    72                                              
    73 0000007C 50                                  push eax
    74 0000007D 68[E2000000]                        push dword w_file_w_format_dec
    75 00000082 FF35[DB000000]                      push dword [w_file_descr]
    76 00000088 FF15[00000000]                      call [fprintf]
    77 0000008E 83C40C                              add esp, 4 * 3
    78                                              
    79                                              skipper:
    80 00000091 50                                  push eax
    81 00000092 68[DF000000]                        push dword w_file_w_format_chr
    82 00000097 FF35[DB000000]                      push dword [w_file_descr]
    83 0000009D FF15[00000000]                      call [fprintf]
    84 000000A3 83C40C                              add esp, 4 * 3
    85                                              
    86 000000A6 EBC6                                jmp rep_1
    87                                          
    88                                          exit_rep_1:
    89 000000A8 FF35[CA000000]                  push dword [r_file_descr]
    90 000000AE FF15[00000000]                  call [fclose]
    91 000000B4 83C404                          add esp, 4 * 1
    92                                          
    93 000000B7 FF35[DB000000]                  push dword [w_file_descr]
    94 000000BD FF15[00000000]                  call [fclose]
    95 000000C3 83C404                          add esp, 4 * 1
    96                                      
    97                                          final:
    98 000000C6 6A00                            push dword 0
    99 000000C8 FF15[00000000]                  call [exit]
