     1                                  bits 32
     2                                  global start
     3                                  
     4                                  extern exit, fopen, fclose, fscanf, printf
     5                                  import exit msvcrt.dll
     6                                  import fopen msvcrt.dll
     7                                  import fclose msvcrt.dll
     8                                  import fscanf msvcrt.dll
     9                                  import printf msvcrt.dll
    10                                  
    11                                  
    12                                  segment data use32 class = data
    13 00000000 696E7075742E747874-         file_name db "input.txt", 0
    13 00000009 00                 
    14 0000000A 7200                        file_mode db "r", 0
    15 0000000C FFFFFFFF                    file_descr dd -1
    16 00000010 256400                      file_r_format db "%d", 0
    17                                      
    18 00000013 2564256400                  w_format db "%d%d", 0
    19                                      
    20 00000018 00000000                    number dd 0
    21 0000001C 0100000000000000            result dq 1
    22                                      
    23                                  segment code use32 class = code
    24                                      start:
    25 00000000 68[0A000000]                    push dword file_mode
    26 00000005 68[00000000]                    push dword file_name
    27 0000000A FF15[00000000]                  call [fopen]
    28 00000010 83C408                          add esp, 4 * 2
    29                                          
    30 00000013 A3[0C000000]                    mov [file_descr], eax
    31 00000018 83F800                          cmp eax, 0
    32 0000001B 7465                            je final
    33                                          
    34                                          rep_1:
    35 0000001D 68[18000000]                        push dword number
    36 00000022 68[10000000]                        push dword file_r_format
    37 00000027 FF35[0C000000]                      push dword [file_descr]
    38 0000002D FF15[00000000]                      call [fscanf]
    39 00000033 83C40C                              add esp, 4 * 3
    40                                              
    41 00000036 83F801                              cmp eax, 1
    42 00000039 751E                                jne exit_rep_1
    43                                              
    44 0000003B A1[1C000000]                        mov eax, [result + 0]
    45 00000040 8B15[20000000]                      mov edx, [result + 4]
    46 00000046 F725[18000000]                      mul dword [number]
    47 0000004C A3[1C000000]                        mov [result + 0], eax
    48 00000051 8915[20000000]                      mov [result + 4], edx
    49                                          
    50 00000057 EBC4                                jmp rep_1
    51                                              
    52                                          exit_rep_1:
    53 00000059 FF35[1C000000]                  push dword [result + 0]
    54 0000005F FF35[20000000]                  push dword [result + 4]
    55 00000065 68[13000000]                    push dword w_format
    56 0000006A FF15[00000000]                  call [printf]
    57 00000070 83C40C                          add esp, 4 * 3
    58                                          
    59 00000073 FF35[0C000000]                  push dword [file_descr]
    60 00000079 FF15[00000000]                  call [fclose]
    61 0000007F 83C404                          add esp, 4 * 1
    62                                          
    63                                          final:
    64 00000082 6A00                            push dword 0
    65 00000084 FF15[00000000]                  call [exit]
