     1                                  bits 32
     2                                  global start
     3                                  extern exit, fopen, fclose, fread, fwrite, fprintf, printf
     4                                  import exit msvcrt.dll
     5                                  import fopen msvcrt.dll
     6                                  import fclose msvcrt.dll
     7                                  import fread msvcrt.dll
     8                                  import fwrite msvcrt.dll
     9                                  import fprintf msvcrt.dll
    10                                  import printf msvcrt.dll
    11                                  
    12                                  section data use32 class=data 
    13 00000000 616E612E74787400            nume_fisier db "ana.txt", 0
    14 00000008 7700                        mod_acces db "w", 0
    15 0000000A FFFFFFFF                    descriptor_fis dd -1
    16 0000000E 616E61206172652034-         text db "ana are 4 mere"
    16 00000017 206D657265         
    17                                      
    18                                  ;Se dau un nume de fisier si un text (definite in segmentul de date). Textul contine litere mici, litere mari, cifre si caractere speciale. Sa se transforme toate literele mici din textul dat in litere mari. Sa se c
    19                                  
    20                                  segment code use32 class=code
    21                                  start:
    22                                     
    23                                          
    24                                      ; apelam fopen pentru a crea fisierul
    25 00000000 68[08000000]                push dword mod_acces     
    26 00000005 68[00000000]                push dword nume_fisier
    27 0000000A FF15[00000000]              call [fopen]
    28 00000010 83C408                      add esp, 4*2                
    29                                  
    30 00000013 A3[0A000000]                mov [descriptor_fis], eax   
    31                                          
    32 00000018 83F800                      cmp eax, 0
    33 0000001B 743A                        je final
    34                                      
    35                                      ;Conversie litere mici -> litere mari
    36 0000001D BE[0E000000]                mov esi, text
    37 00000022 89F7                        mov edi, esi
    38                                      converteste_litere_mici:
    39 00000024 AC                          lodsb
    40 00000025 3C61                        cmp al, 'a'
    41 00000027 7206                        jb  nu_lit_mica
    42 00000029 3C7A                        cmp al, 'z'
    43 0000002B 7702                        ja  nu_lit_mica
    44 0000002D 2C20                        sub al, 32 ; face conversia la litere mari
    45                                      nu_lit_mica:
    46 0000002F AA                          stosb
    47 00000030 3C00                        cmp al, 0
    48 00000032 75F0                        jne converteste_litere_mici
    49                                      
    50                                      ; scriem textul in fisierul deschis folosind functia fprintf
    51 00000034 68[0E000000]                push dword text
    52 00000039 FF35[0A000000]              push dword [descriptor_fis]
    53 0000003F FF15[00000000]              call [fprintf]
    54 00000045 83C408                      add esp, 4*2
    55                                      
    56                                      ; apelam functia fclose pentru a inchide fisierul
    57 00000048 FF35[0A000000]              push dword [descriptor_fis]
    58 0000004E FF15[00000000]              call [fclose]
    59 00000054 83C404                      add esp, 4
    60                                          
    61                                        final:
    62                                          
    63                                          ; exit(0)
    64 00000057 6A00                            push    dword 0      
    65 00000059 FF15[00000000]                  call    [exit]       
    66                                          
    67                                          
