     1                                  bits 32
     2                                  global start
     3                                  
     4                                  extern exit, scanf, fopen, fclose, fprintf
     5                                  import exit msvcrt.dll
     6                                  import scanf msvcrt.dll
     7                                  import fopen msvcrt.dll
     8                                  import fclose msvcrt.dll
     9                                  import fprintf msvcrt.dll
    10                                  
    11                                  
    12                                  segment data use32 class = data
    13 00000000 6F75747075742E7478-         file_name db "output.txt", 0
    13 00000009 7400               
    14 0000000B 772B00                      file_mode db "w+", 0
    15 0000000E FFFFFFFF                    file_descr dd -1
    16 00000012 25732000                    file_w_format db "%s ", 0
    17                                      
    18 00000016 256400                      r_format_dec db "%d", 0
    19 00000019 257300                      r_format_str db "%s", 0
    20                                      
    21 0000001C 00000000                    n dd 0
    22 00000020 0000<rept>                  cuv times 20 db 0, 0
    23 00000048 00                          first_chr db 0
    24 00000049 00                          last_chr db 0
    25                                      
    26                                  segment code use32 class = code
    27                                      start:
    28 00000000 68[0B000000]                    push dword file_mode
    29 00000005 68[00000000]                    push dword file_name
    30 0000000A FF15[00000000]                  call [fopen]
    31 00000010 83C408                          add esp, 4 * 2
    32                                          
    33 00000013 A3[0E000000]                    mov [file_descr], eax
    34 00000018 83F800                          cmp eax, 0
    35 0000001B 0F848C000000                    je final
    36                                          
    37 00000021 68[1C000000]                    push dword n
    38 00000026 68[16000000]                    push dword r_format_dec
    39 0000002B FF15[00000000]                  call [scanf]
    40                                          
    41                                          rep_1:
    42 00000031 68[20000000]                        push dword cuv
    43 00000036 68[19000000]                        push dword r_format_str
    44 0000003B FF15[00000000]                      call [scanf]
    45 00000041 83C408                              add esp, 4 * 2
    46                                              
    47 00000044 A0[20000000]                        mov al, [cuv]
    48 00000049 3C23                                cmp al, '#'
    49 0000004B 7451                                je exit_rep_1
    50                                              
    51 0000004D BE00000000                          mov esi, 0
    52                                              
    53                                              rep_2:
    54 00000052 8A86[20000000]                          mov al, [cuv + esi]
    55 00000058 3C00                                    cmp al, 0
    56 0000005A 7412                                    je exit_rep_2
    57                                                  
    58 0000005C 83FE01                                  cmp esi, 1
    59 0000005F 7305                                    jae not_first
    60                                                  
    61 00000061 A2[48000000]                            mov [first_chr], al
    62                                                  
    63                                                  not_first:
    64 00000066 A2[49000000]                            mov [last_chr], al
    65                                                  
    66 0000006B 46                                      inc esi
    67 0000006C EBE4                                    jmp rep_2
    68                                              
    69                                              exit_rep_2:
    70 0000006E 3B35[1C000000]                      cmp esi, [n]
    71 00000074 7226                                jb not_good
    72                                              
    73 00000076 A0[48000000]                        mov al, [first_chr]
    74 0000007B 3A05[49000000]                      cmp al, [last_chr]
    75 00000081 7519                                jne not_good
    76                                              
    77 00000083 68[20000000]                        push dword cuv
    78 00000088 68[12000000]                        push dword file_w_format
    79 0000008D FF35[0E000000]                      push dword [file_descr]
    80 00000093 FF15[00000000]                      call [fprintf]
    81 00000099 83C40C                              add esp, 4 * 3
    82                                              
    83                                              not_good:
    84 0000009C EB93                                jmp rep_1
    85                                              
    86                                          exit_rep_1:
    87 0000009E FF35[0E000000]                  push dword [file_descr]
    88 000000A4 FF15[00000000]                  call [fclose]
    89 000000AA 83C404                          add esp, 4 * 1
    90                                          
    91                                          final:
    92 000000AD 6A00                            push dword 0
    93 000000AF FF15[00000000]                  call [exit]
