     1                                  bits 32
     2                                  global start
     3                                  
     4                                  extern exit, scanf, fprintf, fopen, fclose
     5                                  import exit msvcrt.dll
     6                                  import scanf msvcrt.dll
     7                                  import fprintf msvcrt.dll
     8                                  import fopen msvcrt.dll
     9                                  import fclose msvcrt.dll
    10                                  
    11                                  
    12                                  segment data use32 class = data
    13 00000000 6F75747075742E7478-         file_name db "output.txt", 0
    13 00000009 7400               
    14 0000000B 7700                        file_mode db "w", 0
    15 0000000D FFFFFFFF                    file_descr dd -1
    16                                      
    17 00000011 256400                      r_format db "%d", 0
    18 00000014 2578256300                  w_format db "%x%c", 0
    19                                      
    20 00000019 00000000                    counter dd 0
    21 0000001D 00000000                    number dd 0
    22 00000021 00000000                    p_sum dd 0
    23 00000025 00000000                    i_sum dd 0
    24 00000029 00000000                    diff dd 0
    25                                      
    26                                  
    27                                  segment code use32 class = code
    28                                      start:
    29 00000000 68[19000000]                    push dword counter
    30 00000005 68[11000000]                    push dword r_format
    31 0000000A FF15[00000000]                  call [scanf]
    32 00000010 83C408                          add esp, 4 * 2 
    33                                          
    34                                          rep_1:
    35 00000013 833D[19000000]00                    cmp dword [counter], 0
    36 0000001A 7449                                je exit_rep_1
    37                                              
    38 0000001C 68[1D000000]                        push dword number
    39 00000021 68[11000000]                        push dword r_format
    40 00000026 FF15[00000000]                      call [scanf]
    41 0000002C 83C408                              add esp, 4 * 2
    42                                              
    43 0000002F F705[1D000000]0100-                 test dword [number], 01h
    43 00000037 0000               
    44 00000039 7412                                jz par
    45                                              
    46 0000003B A1[25000000]                        mov eax, [i_sum]
    47 00000040 0305[1D000000]                      add eax, [number]
    48 00000046 A3[25000000]                        mov [i_sum], eax
    49 0000004B EB10                                jmp skip
    50                                              
    51                                              par:
    52 0000004D A1[21000000]                        mov eax, [p_sum]
    53 00000052 0305[1D000000]                      add eax, [number]
    54 00000058 A3[21000000]                        mov [p_sum], eax
    55                                                  
    56                                              skip:
    57 0000005D FF0D[19000000]                      dec dword [counter]
    58 00000063 EBAE                                jmp rep_1
    59                                              
    60                                          exit_rep_1:
    61                                          
    62 00000065 A1[21000000]                    mov eax, [p_sum]
    63 0000006A 2B05[25000000]                  sub eax, [i_sum]
    64 00000070 A3[29000000]                    mov [diff], eax
    65                                     
    66 00000075 68[0B000000]                    push dword file_mode
    67 0000007A 68[00000000]                    push dword file_name
    68 0000007F FF15[00000000]                  call [fopen]
    69 00000085 83C408                          add esp, 4 * 2
    70                                          
    71 00000088 A3[0D000000]                    mov [file_descr], eax
    72                                          
    73 0000008D 83F800                          cmp eax, 0
    74 00000090 7463                            je final
    75                                          
    76 00000092 6A0A                            push dword 10
    77 00000094 FF35[21000000]                  push dword [p_sum]
    78 0000009A 68[14000000]                    push dword w_format
    79 0000009F FF35[0D000000]                  push dword [file_descr]
    80 000000A5 FF15[00000000]                  call [fprintf]
    81 000000AB 83C410                          add esp, 4 * 4
    82                                          
    83 000000AE 6A0A                            push dword 10
    84 000000B0 FF35[25000000]                  push dword [i_sum]
    85 000000B6 68[14000000]                    push dword w_format
    86 000000BB FF35[0D000000]                  push dword [file_descr]
    87 000000C1 FF15[00000000]                  call [fprintf]
    88 000000C7 83C410                          add esp, 4 * 4
    89                                          
    90 000000CA 6A0A                            push dword 10
    91 000000CC FF35[29000000]                  push dword [diff]
    92 000000D2 68[14000000]                    push dword w_format
    93 000000D7 FF35[0D000000]                  push dword [file_descr]
    94 000000DD FF15[00000000]                  call [fprintf]
    95 000000E3 83C410                          add esp, 4 * 4
    96                                          
    97 000000E6 FF35[0D000000]                  push dword [file_descr]
    98 000000EC FF15[00000000]                  call [fclose]
    99 000000F2 83C404                          add esp, 4 * 1
   100                                          
   101                                          final:
   102 000000F5 6A00                                push dword 0
   103 000000F7 FF15[00000000]                      call [exit]
