     1                                  bits 32
     2                                  global convert
     3                                  
     4                                  
     5                                  segment data use32 class = data
     6 00000000 6400                        hundred dw 100
     7 00000002 0A                          ten db 10
     8                                      
     9                                  
    10                                  segment code use32 public code
    11                                      convert:
    12 00000000 BA00000000                      mov edx, 0
    13 00000005 8B442404                        mov eax, [esp + 4]
    14 00000009 66F735[00000000]                div word [hundred]
    15 00000010 F635[02000000]                  div byte [ten]
    16                                              
    17 00000016 2500FF0000                      and eax, 0000FF00h
    18 0000001B 88E0                            mov al, ah
    19 0000001D B400                            mov ah, 0
    20                                          
    21 0000001F C20400                          ret 4
