     1                                  bits 32
     2                                  global start
     3                                  extern exit
     4                                  import exit msvcrt.dll
     5                                  
     6                                  segment data use32 class=data 
     7 00000000 010203040506                s db 1,2,3,4,5,6
     8                                      l equ ($-s)-1
     9 00000006 <res 00000005>              d resb l
    10                                  ;Se da un sir de octeti S. Sa se construiasca sirul D ale carui elemente reprezinta suma fiecaror doi octeti consecutivi din sirul S
    11                                  segment code use32 class=code
    12                                  start:
    13 00000000 B905000000                  mov ecx, l
    14 00000005 BE00000000                  mov esi, 0
    15 0000000A E315                        jecxz final
    16                                  
    17                                  start_loop:
    18 0000000C 8A9E[00000000]              mov bl, [s + esi]
    19 00000012 029E[01000000]              add bl, [s + esi + 1]
    20 00000018 889E[06000000]              mov [d + esi], bl
    21 0000001E 46                          inc esi
    22                                  
    23 0000001F E2EB                        loop start_loop
    24                                  
    25                                  final:
    26 00000021 6A00                        push dword 0
    27 00000023 FF15[00000000]              call [exit]
