     1                                  bits 32
     2                                  global start
     3                                  
     4                                  extern exit, scanf, printf
     5                                  import exit msvcrt.dll
     6                                  import scanf msvcrt.dll
     7                                  import printf msvcrt.dll
     8                                  
     9                                  
    10                                  segment data use32 class = data
    11 00000000 0000<rept>                  cuv times 10 db 0, 0
    12 00000014 0000<rept>                  ans times 100 db 0, 0
    13                                      
    14 000000DC 257300                      r_format db "%s", 0
    15 000000DF 257300                      w_format db "%s", 0
    16                                      
    17                                  
    18                                  segment code use32 class = code
    19                                      start:
    20 00000000 FC                              cld
    21 00000001 BE00000000                      mov esi, 0
    22                                          
    23                                          rep_1:
    24 00000006 68[00000000]                        push dword cuv
    25 0000000B 68[DC000000]                        push dword r_format
    26 00000010 FF15[00000000]                      call [scanf]
    27 00000016 83C408                              add esp, 4 * 2
    28                                              
    29 00000019 A0[00000000]                        mov al, [cuv]
    30 0000001E 3C2E                                cmp al, '.'
    31 00000020 7432                                je exit_rep_1
    32                                              
    33 00000022 BF00000000                          mov edi, 0
    34                                              
    35                                              rep_2:
    36 00000027 8A87[00000000]                          mov al, [cuv + edi]
    37 0000002D 3C00                                    cmp al, 0
    38 0000002F 7403                                    je exit_rep_2
    39                                                  
    40 00000031 47                                      inc edi
    41                                                  
    42 00000032 EBF3                                    jmp rep_2
    43                                          
    44                                              exit_rep_2:
    45 00000034 4F                                  dec edi
    46                                              
    47                                              rep_3:
    48 00000035 83FFFF                                  cmp edi, -1
    49 00000038 7410                                    je exit_rep_3
    50                                              
    51 0000003A 8A87[00000000]                          mov al, [cuv + edi]
    52 00000040 8886[14000000]                          mov [ans + esi], al
    53 00000046 46                                      inc esi
    54 00000047 4F                                      dec edi
    55                                              
    56 00000048 EBEB                                    jmp rep_3
    57                                                  
    58                                              exit_rep_3:
    59 0000004A C686[14000000]20                    mov [ans + esi], byte ' '
    60 00000051 46                                  inc esi
    61                                              
    62 00000052 EBB2                                jmp rep_1
    63                                          
    64                                          exit_rep_1:
    65 00000054 68[14000000]                    push dword ans
    66 00000059 68[DF000000]                    push dword w_format
    67 0000005E FF15[00000000]                  call [printf]
    68 00000064 83C408                          add esp, 4 * 2
    69                                          
    70 00000067 6A00                            push dword 0
    71 00000069 FF15[00000000]                  call [exit]
