     1                                  bits 32
     2                                  global start
     3                                  
     4                                  extern exit, fopen, fclose, fread, fprintf, scanf
     5                                  import exit msvcrt.dll
     6                                  import fopen msvcrt.dll
     7                                  import fclose msvcrt.dll
     8                                  import fread msvcrt.dll
     9                                  import fprintf msvcrt.dll
    10                                  import scanf msvcrt.dll
    11                                  
    12                                  
    13                                  segment data use32 class = data
    14 00000000 0000<rept>                  file_name times 20 db 0, 0
    15 00000028 722B00                      file_mode db "r+", 0
    16 0000002B FFFFFFFF                    file_descr dd -1
    17 0000002F 256300                      file_r_format db "%c", 0
    18 00000032 256400                      file_w_format db "%d", 0
    19                                      
    20 00000035 257300                      r_format db "%s", 0
    21                                      
    22 00000038 00000000                    counter dd 0
    23                                      len equ 100
    24 0000003C <res 00000064>              buffer resb len
    25                                      
    26                                      
    27                                  segment code use32 class = code
    28                                      start:
    29 00000000 68[00000000]                    push dword file_name
    30 00000005 68[35000000]                    push dword r_format
    31 0000000A FF15[00000000]                  call [scanf]
    32 00000010 83C408                          add esp, 4 * 2
    33                                          
    34 00000013 68[28000000]                    push dword file_mode
    35 00000018 68[00000000]                    push dword file_name
    36 0000001D FF15[00000000]                  call [fopen]
    37 00000023 83C408                          add esp, 4 * 2
    38                                          
    39 00000026 A3[2B000000]                    mov [file_descr], eax
    40 0000002B 83F800                          cmp eax, 0
    41 0000002E 744E                            je final
    42                                          
    43                                          rep_1:
    44 00000030 FF35[2B000000]                      push dword [file_descr]
    45 00000036 6A64                                push dword len
    46 00000038 6A01                                push dword 1
    47 0000003A 68[3C000000]                        push dword buffer
    48 0000003F FF15[00000000]                      call [fread]
    49 00000045 83C410                              add esp, 4 * 4
    50                                              
    51 00000048 83F800                              cmp eax, 0
    52 0000004B 7408                                je exit_rep_1
    53                                              
    54 0000004D 0105[38000000]                      add dword [counter], eax
    55                                          
    56 00000053 EBDB                                jmp rep_1
    57                                          
    58                                          exit_rep_1:
    59 00000055 FF35[38000000]                  push dword [counter]
    60 0000005B 68[32000000]                    push dword file_w_format
    61 00000060 FF35[2B000000]                  push dword [file_descr]
    62 00000066 FF15[00000000]                  call [fprintf]
    63 0000006C 83C40C                          add esp, 4 * 3
    64                                          
    65 0000006F FF35[2B000000]                  push dword [file_descr]
    66 00000075 FF15[00000000]                  call [fclose]
    67 0000007B 83C404                          add esp, 4 * 1
    68                                          
    69                                          final:
    70 0000007E 6A00                            push dword 0
    71 00000080 FF15[00000000]                  call [exit]
