     1                                  bits 32
     2                                  global start
     3                                  
     4                                  extern exit
     5                                  import exit msvcrt.dll
     6                                  
     7                                  segment data use32 class=data
     8 00000000 2211443366558877        	s dw 1122h, 3344h, 5566h, 7788h
     9                                      l equ ($-s)/2         
    10 00000008 00<rept>                    b1 times l db 0
    11 0000000C 00<rept>                    b2 times l db 0
    12                                      
    13                                  ;Se da un sir A de cuvinte. Construiti doua siruri de octeti  
    14                                  ; - B1: contine ca elemente partea superioara a cuvintelor din A
    15                                  ; - B2: contine ca elemente partea inferioara a cuvintelor din A
    16                                  segment code use32 class=code
    17                                      start:
    18 00000000 B904000000                      mov ecx, l        
    19 00000005 E320                            jecxz final         
    20 00000007 FC                              cld                 
    21 00000008 BE[00000000]                    mov esi, s          
    22 0000000D BB[08000000]                    mov ebx, b1         
    23 00000012 BF[0C000000]                    mov edi, b2 
    24                                          
    25                                      repeta:
    26 00000017 66AD                            lodsw               
    27 00000019 AA                              stosb               ; partea inferioara din al in sirul b2 si inc edi
    28 0000001A 57                              push edi            
    29 0000001B 89DF                            mov edi, ebx        
    30 0000001D 66C1C808                        ror ax, 8           ; mutam partea superioara din ah in al
    31 00000021 AA                              stosb               ; partea superioara din al in sirul b1 si inc edi
    32 00000022 89FB                            mov ebx, edi        
    33 00000024 5F                              pop edi             
    34 00000025 E2F0                            loop repeta
    35                                          
    36                                      final:
    37 00000027 6A00                            push dword 0
    38 00000029 FF15[00000000]                  call [exit]
